gy 5417551 : 142212.35
5416550 : 142187.90
0.47 RMS Current Energy 5418552 : 142238.25
0.44 RMS Current Energy 5419553 : 142262.70
0.44 RMS Current Energy 5420554 : 142287.15
0.42 RMS Current Energy 5421555 : 142310.17
0.44 RMS Current Energy 5422556 : 142334.62
0.44 RMS Current Energy 5423557 : 142359.07
python: can't open file 'AR': [Errno 2] No such file or directory
MS Current Energy 5479615 : 143748.62
0.50 RMS Current Energy 5481617 : 143800.40
0.47 RMS Current Energy 5482618 : 143826.29
0.44 RMS Current Energy 5483619 : 143850.75
0.44 RMS Current Energy 5484620 : 143875.20
0.47 RMS Current Energy 5485621 : 143901.09
0.47 RMS Current Energy 5486622 : 143926.98
0.44 RMS Current Energy 5487623 : 143951.43
0.47 RMS Current Energy 5488624 : 143977.32
0.44 RMS Current Energy 5489625 : 144001.78
0.44 RMS Current Energy 5490626 : 144026.23
0.44 RMS Current Energy 5491627 : 144050.68
0.44 RMS Current Energy 5492628 : 144075.14
0.42 RMS Current Energy 5493629 : 144098.15
0.42 RMS Current Energy 5494630 : 144121.17
0.44 RMS Current Energy 5495631 : 144145.62
0.44 RMS Current Energy 5496632 : 144170.07
56
y 16562970 : 437241.90
0.47 RMS Current Energy 16563971 : 437267.81
0.47 RMS Current Energy 16564972 : 437293.71
0.50 RMS Current Energy 16565974 : 437321.06
0.50 RMS Current Energy 16566975 : 437348.40
0.50 RMS Current Energy 16567976 : 437375.75
0.50 RMS Current Energy 16568977 : 437403.09
0.50 RMS Current Energy 16569978 : 437430.43
0.50 RMS Current Energy 16570979 : 437457.78
0.47 RMS Current Energy 16571980 : 437483.68
0.50 RMS Current Energy 16572981 : 437511.03
0.47 RMS Current Energy 16573982 : 437536.93
0.47 RMS Current Energy 16574983 : 437562.84
0.50 RMS Current Energy 16575984 : 437590.18
0.50 RMS Current Energy 16576985 : 437617.53
0.52 RMS Current Energy 16577986 : 437646.31
0.50 RMS Current Energy 16578987 : 437673.65
0.47 RMS Current Energy 16579988 : 437699.56
0.52 RMS Current Energy 16580989 : 437728.34
0.50 RMS Current Energy 16581990 : 437755.68
0.50 RMS Current Energy 16582991 : 437783.03
0.50 RMS Current Energy 16583992 : 437810.37
0.47 RMS Current Energy 16584993 : 437836.28
0.50 RMS Current Energy 16585994 : 437863.62
0.47 RMS Current Energy 16586995 : 437889.53
0.52 RMS Current Energy 16587996 : 437918.31
0.52 RMS Current Energy 16588997 : 437947.09
0.50 RMS Current Energy 16589998 : 437974.43
0.50 RMS Current Energy 16590999 : 438001.78
0.50 RMS Current Energy 16592000 : 438029.12
0.50 RMS Current Energy 16593001 : 438056.46
0.50 RMS Current Energy 16594002 : 438083.81
0.47 RMS Current Energy 16595003 : 438109.71
0.47 RMS Current Energy 16596004 : 438135.62
0.47 RMS Current Energy 16597005 : 438161.53
0.47 RMS Current Energy 16598006 : 438187.43
0.47 RMS Current Energy 16599007 : 438213.34
0.47 RMS Current Energy 16600008 : 438239.25
0.50 RMS Current Energy 16601009 : 438266.59
0.50 RMS Current Energy 16602010 : 438293.93
0.47 RMS Current Energy 16603011 : 438319.84
0.50 RMS Current Energy 16604012 : 438347.18
0.47 RMS Current Energy 16605014 : 438373.09
0.50 RMS Current Energy 16606015 : 438400.43
0.47 RMS Current Energy 16607016 : 438426.34
0.47 RMS Current Energy 16608017 : 438452.25
0.52 RMS Current Energy 16609018 : 438481.03
0.47 RMS Current Energy 16610019 : 438506.93
0.50 RMS Current Energy 16611020 : 438534.28
0.47 RMS Current Energy 16612021 : 438560.18
0.47 RMS Current Energy 16613022 : 438586.09
0.47 RMS Current Energy 16614023 : 438612.00
0.50 RMS Current Energy 16615024 : 438639.34
0.50 RMS Current Energy 16616025 : 438666.68
0.47 RMS Current Energy 16617026 : 438692.59
0.47 RMS Current Energy 16618027 : 438718.50
0.50 RMS Current Energy 16619028 : 438745.84
0.47 RMS Current Energy 16620029 : 438771.75
0.47 RMS Current Energy 16621030 : 438797.65
0.50 RMS Current Energy 16622031 : 438825.00
0.50 RMS Current Energy 16623032 : 438852.34
0.47 RMS Current Energy 16624033 : 438878.25
0.50 RMS Current Energy 16625034 : 438905.59
0.50 RMS Current Energy 16626035 : 438932.93
0.50 RMS Current Energy 16627036 : 438960.28
0.47 RMS Current Energy 16628037 : 438986.18
0.50 RMS Current Energy 16629038 : 439013.53
0.47 RMS Current Energy 16630039 : 439039.43
0.52 RMS Current Energy 16631040 : 439068.21
0.47 RMS Current Energy 16632041 : 439094.12
0.47 RMS Current Energy 16633042 : 439120.03
0.50 RMS Current Energy 16634043 : 439147.37
0.47 RMS Current Energy 16635044 : 439173.28
0.50 RMS Current Energy 16636045 : 439200.62
0.50 RMS Current Energy 16637046 : 439227.96
0.47 RMS Current Energy 16638047 : 439253.87
0.47 RMS Current Energy 16639048 : 439279.78
0.47 RMS Current Energy 16640049 : 439305.68
0.47 RMS Current Energy 16641050 : 439331.59
0.50 RMS Current Energy 16642051 : 439358.93
0.50 RMS Current Energy 16643052 : 439386.28
0.50 RMS Current Energy 16644054 : 439413.62
0.47 RMS Current Energy 16645055 : 439439.53
0.47 RMS Current Energy 16646056 : 439465.43
0.50 RMS Current Energy 16647057 : 439492.78
0.47 RMS Current Energy 16648058 : 439518.68
0.47 RMS Current Energy 16649059 : 439544.59
0.50 RMS Current Energy 16650060 : 439571.93
0.50 RMS Current Energy 16651061 : 439599.28
0.52 RMS Current Energy 16652062 : 439628.06
0.47 RMS Current Energy 16653063 : 439653.96
0.47 RMS Current Energy 16654064 : 439679.87
0.50 RMS Current Energy 16655065 : 439707.21
0.50 RMS Current Energy 16656066 : 439734.56
0.47 RMS Current Energy 16657067 : 439760.46
0.50 RMS Current Energy 16658068 : 439787.81
0.47 RMS Current Energy 16659069 : 439813.71
0.47 RMS Current Energy 16660070 : 439839.62
0.50 RMS Current Energy 16661071 : 439866.96
0.50 RMS Current Energy 16662072 : 439894.31
0.47 RMS Current Energy 16663073 : 439920.21
0.47 RMS Current Energy 16664074 : 439946.12
0.47 RMS Current Energy 16665075 : 439972.03
0.50 RMS Current Energy 16666076 : 439999.37
0.47 RMS Current Energy 16667077 : 440025.28
0.47 RMS Current Energy 16668078 : 440051.18
0.50 RMS Current Energy 16669079 : 440078.53
0.52 RMS Current Energy 16670080 : 440107.31
0.50 RMS Current Energy 16671081 : 440134.65
0.47 RMS Current Energy 16672082 : 440160.56
0.52 RMS Current Energy 16673083 : 440189.34
0.47 RMS Current Energy 16674084 : 440215.25
0.47 RMS Current Energy 16675085 : 440241.15
0.47 RMS Current Energy 16676086 : 440267.06
0.47 RMS Current Energy 16677087 : 440292.96
0.47 RMS Current Energy 16678088 : 440318.87
0.47 RMS Current Energy 16679089 : 440344.78
0.47 RMS Current Energy 16680090 : 440370.68
0.50 RMS Current Energy 16681091 : 440398.03
0.47 RMS Current Energy 16682092 : 440423.93
0.47 RMS Current Energy 16683094 : 440449.84
0.47 RMS Current Energy 16684095 : 440475.75
0.50 RMS Current Energy 16685096 : 440503.09
0.44 RMS Current Energy 16686097 : 440527.53
0.50 RMS Current Energy 16687098 : 440554.87
0.50 RMS Current Energy 16688099 : 440582.21
0.50 RMS Current Energy 16689100 : 440609.56
0.50 RMS Current Energy 16690101 : 440636.90
0.52 RMS Current Energy 16691102 : 440665.68
0.47 RMS Current Energy 16692103 : 440691.59
0.50 RMS Current Energy 16693104 : 440718.93
0.50 RMS Current Energy 16694105 : 440746.28
0.50 RMS Current Energy 16695106 : 440773.62
0.50 RMS Current Energy 16696107 : 440800.96
0.50 RMS Current Energy 16697108 : 440828.31
0.50 RMS Current Energy 16698109 : 440855.65
0.50 RMS Current Energy 16699110 : 440883.00
0.50 RMS Current Energy 16700111 : 440910.34
0.50 RMS Current Energy 16701112 : 440937.68
0.47 RMS Current Energy 16702113 : 440963.59
0.47 RMS Current Energy 16703114 : 440989.50
0.47 RMS Current Energy 16704115 : 441015.40
0.50 RMS Current Energy 16705116 : 441042.75
0.50 RMS Current Energy 16706117 : 441070.09
0.50 RMS Current Energy 16707118 : 441097.43
0.50 RMS Current Energy 16708119 : 441124.78
0.50 RMS Current Energy 16709120 : 441152.12
0.50 RMS Current Energy 16710121 : 441179.46
0.47 RMS Current Energy 16711122 : 441205.37
0.47 RMS Current Energy 16712123 : 441231.28
0.50 RMS Current Energy 16713124 : 441258.62
0.50 RMS Current Energy 16714125 : 441285.96
0.50 RMS Current Energy 16715126 : 441313.31
0.50 RMS Current Energy 16716127 : 441340.65
0.47 RMS Current Energy 16717128 : 441366.56
0.47 RMS Current Energy 16718129 : 441392.46
0.50 RMS Current Energy 16719130 : 441419.81
0.47 RMS Current Energy 16720131 : 441445.71
0.50 RMS Current Energy 16721132 : 441473.06
0.52 RMS Current Energy 16722134 : 441501.84
0.50 RMS Current Energy 16723135 : 441529.18
0.47 RMS Current Energy 16724136 : 441555.09
0.47 RMS Current Energy 16725137 : 441581.00
0.47 RMS Current Energy 16726138 : 441606.90
0.50 RMS Current Energy 16727139 : 441634.25
0.50 RMS Current Energy 16728140 : 441661.59
0.52 RMS Current Energy 16729141 : 441690.37
0.50 RMS Current Energy 16730142 : 441717.71
0.52 RMS Current Energy 16731143 : 441746.50
0.50 RMS Current Energy 16732144 : 441773.84
0.52 RMS Current Energy 16733145 : 441802.62
0.50 RMS Current Energy 16734146 : 441829.96
0.50 RMS Current Energy 16735147 : 441857.31
0.50 RMS Current Energy 16736148 : 441884.65
0.50 RMS Current Energy 16737149 : 441912.00
0.52 RMS Current Energy 16738150 : 441940.78
0.50 RMS Current Energy 16739151 : 441968.12
0.50 RMS Current Energy 16740152 : 441995.46
0.50 RMS Current Energy 16741153 : 442022.81
0.52 RMS Current Energy 16742154 : 442051.59
0.50 RMS Current Energy 16743155 : 442078.93
0.52 RMS Current Energy 16744156 : 442107.71
0.50 RMS Current Energy 16745157 : 442135.06
0.50 RMS Current Energy 16746158 : 442162.40
0.47 RMS Current Energy 16747159 : 442188.31
0.50 RMS Current Energy 16748160 : 442215.65
0.50 RMS Current Energy 16749161 : 442243.00
0.50 RMS Current Energy 16750162 : 442270.34
0.55 RMS Current Energy 16751163 : 442300.56
0.47 RMS Current Energy 16752164 : 442326.46
0.47 RMS Current Energy 16753165 : 442352.37
0.50 RMS Current Energy 16754166 : 442379.71
0.50 RMS Current Energy 16755167 : 442407.06
0.55 RMS Current Energy 16756168 : 442437.28
0.50 RMS Current Energy 16757169 : 442464.62
0.52 RMS Current Energy 16758170 : 442493.40
0.52 RMS Current Energy 16759171 : 442522.18
0.50 RMS Current Energy 16760172 : 442549.53
0.50 RMS Current Energy 16761174 : 442576.87
0.50 RMS Current Energy 16762175 : 442604.21
0.52 RMS Current Energy 16763176 : 442633.00
0.50 RMS Current Energy 16764177 : 442660.34
0.50 RMS Current Energy 16765178 : 442687.68
0.52 RMS Current Energy 16766179 : 442716.46
0.50 RMS Current Energy 16767180 : 442743.81
0.50 RMS Current Energy 16768181 : 442771.15
0.52 RMS Current Energy 16769182 : 442799.93
0.50 RMS Current Energy 16770183 : 442827.28
0.50 RMS Current Energy 16771184 : 442854.62
0.50 RMS Current Energy 16772185 : 442881.96
0.47 RMS Current Energy 16773186 : 442907.87
0.50 RMS Current Energy 16774187 : 442935.21
0.50 RMS Current Energy 16775188 : 442962.56
0.50 RMS Current Energy 16776189 : 442989.90
0.50 RMS Current Energy 16777190 : 443017.25
0.50 RMS Current Energy 16778191 : 443044.59
0.50 RMS Current Energy 16779192 : 443071.93
0.50 RMS Current Energy 16780193 : 443099.28
0.52 RMS Current Energy 16781194 : 443128.06
0.55 RMS Current Energy 16782195 : 443158.28
0.50 RMS Current Energy 16783196 : 443185.62
0.50 RMS Current Energy 16784197 : 443212.96
0.50 RMS Current Energy 16785198 : 443240.31
0.50 RMS Current Energy 16786199 : 443267.65
0.50 RMS Current Energy 16787200 : 443295.00
0.52 RMS Current Energy 16788201 : 443323.78
0.47 RMS Current Energy 16789202 : 443349.68
0.47 RMS Current Energy 16790203 : 443375.59
0.52 RMS Current Energy 16791204 : 443404.37
0.47 RMS Current Energy 16792205 : 443430.28
0.52 RMS Current Energy 16793206 : 443459.06
0.50 RMS Current Energy 16794207 : 443486.40
0.50 RMS Current Energy 16795208 : 443513.75
0.50 RMS Current Energy 16796209 : 443541.09
0.52 RMS Current Energy 16797210 : 443569.87
0.47 RMS Current Energy 16798211 : 443595.78
0.50 RMS Current Energy 16799212 : 443623.12
0.50 RMS Current Energy 16800214 : 443650.46
0.50 RMS Current Energy 16801215 : 443677.81
0.50 RMS Current Energy 16802216 : 443705.15
0.50 RMS Current Energy 16803217 : 443732.50
0.50 RMS Current Energy 16804218 : 443759.84
0.50 RMS Current Energy 16805219 : 443787.18
0.50 RMS Current Energy 16806220 : 443814.53
0.50 RMS Current Energy 16807221 : 443841.87
0.47 RMS Current Energy 16808222 : 443867.78
0.47 RMS Current Energy 16809223 : 443893.68
0.50 RMS Current Energy 16810224 : 443921.03
0.52 RMS Current Energy 16811225 : 443949.81
0.50 RMS Current Energy 16812226 : 443977.15
0.50 RMS Current Energy 16813227 : 444004.50
0.50 RMS Current Energy 16814228 : 444031.84
0.50 RMS Current Energy 16815229 : 444059.18
0.52 RMS Current Energy 16816230 : 444087.96
0.47 RMS Current Energy 16817231 : 444113.87
0.50 RMS Current Energy 16818232 : 444141.21
0.50 RMS Current Energy 16819233 : 444168.56
0.52 RMS Current Energy 16820234 : 444197.34
0.55 RMS Current Energy 16821235 : 444227.56
0.50 RMS Current Energy 16822236 : 444254.90
0.52 RMS Current Energy 16823237 : 444283.68
0.50 RMS Current Energy 16824238 : 444311.03
0.50 RMS Current Energy 16825239 : 444338.37
0.50 RMS Current Energy 16826240 : 444365.71
0.50 RMS Current Energy 16827241 : 444393.06
0.50 RMS Current Energy 16828242 : 444420.40
0.47 RMS Current Energy 16829243 : 444446.31
0.47 RMS Current Energy 16830244 : 444472.21
0.50 RMS Current Energy 16831245 : 444499.56
0.52 RMS Current Energy 16832246 : 444528.34
0.50 RMS Current Energy 16833247 : 444555.68
0.52 RMS Current Energy 16834248 : 444584.46
0.50 RMS Current Energy 16835249 : 444611.81
0.47 RMS Current Energy 16836250 : 444637.71
0.50 RMS Current Energy 16837251 : 444665.06
0.50 RMS Current Energy 16838252 : 444692.40
0.52 RMS Current Energy 16839254 : 444721.18
0.55 RMS Current Energy 16840255 : 444751.40
0.50 RMS Current Energy 16841256 : 444778.75
0.55 RMS Current Energy 16842257 : 444808.96
0.50 RMS Current Energy 16843258 : 444836.31
0.52 RMS Current Energy 16844259 : 444865.09
0.50 RMS Current Energy 16845260 : 444892.43
0.47 RMS Current Energy 16846261 : 444918.34
0.47 RMS Current Energy 16847262 : 444944.25
0.50 RMS Current Energy 16848263 : 444971.59
0.47 RMS Current Energy 16849264 : 444997.50
0.47 RMS Current Energy 16850265 : 445023.40
0.50 RMS Current Energy 16851266 : 445050.75
0.47 RMS Current Energy 16852267 : 445076.65
0.50 RMS Current Energy 16853268 : 445104.00
0.47 RMS Current Energy 16854269 : 445129.90
0.55 RMS Current Energy 16855270 : 445160.12
0.47 RMS Current Energy 16856271 : 445186.03
0.47 RMS Current Energy 16857272 : 445211.93
0.47 RMS Current Energy 16858273 : 445237.84
0.50 RMS Current Energy 16859274 : 445265.18
0.47 RMS Current Energy 16860275 : 445291.09
0.47 RMS Current Energy 16861276 : 445317.00
0.47 RMS Current Energy 16862277 : 445342.90
0.50 RMS Current Energy 16863278 : 445370.25
0.47 RMS Current Energy 16864279 : 445396.15
0.47 RMS Current Energy 16865280 : 445422.06
0.47 RMS Current Energy 16866281 : 445447.96
0.47 RMS Current Energy 16867282 : 445473.87
0.47 RMS Current Energy 16868283 : 445499.78
0.47 RMS Current Energy 16869284 : 445525.68
0.47 RMS Current Energy 16870285 : 445551.59
0.50 RMS Current Energy 16871286 : 445578.93
0.47 RMS Current Energy 16872287 : 445604.84
0.44 RMS Current Energy 16873288 : 445629.28
0.47 RMS Current Energy 16874289 : 445655.18
0.47 RMS Current Energy 16875290 : 445681.09
0.44 RMS Current Energy 16876291 : 445705.53
0.47 RMS Current Energy 16877292 : 445731.43
0.44 RMS Current Energy 16878294 : 445755.90
0.47 RMS Current Energy 16879295 : 445781.81
0.47 RMS Current Energy 16880296 : 445807.71
0.47 RMS Current Energy 16881297 : 445833.62
0.47 RMS Current Energy 16882298 : 445859.53
0.47 RMS Current Energy 16883299 : 445885.43
0.50 RMS Current Energy 16884300 : 445912.78
0.47 RMS Current Energy 16885301 : 445938.68
0.44 RMS Current Energy 16886302 : 445963.12
0.47 RMS Current Energy 16887303 : 445989.03
0.52 RMS Current Energy 16888304 : 446017.81
0.47 RMS Current Energy 16889305 : 446043.71
0.47 RMS Current Energy 16890306 : 446069.62
0.50 RMS Current Energy 16891307 : 446096.96
0.47 RMS Current Energy 16892308 : 446122.87
0.47 RMS Current Energy 16893309 : 446148.78
0.47 RMS Current Energy 16894310 : 446174.68
0.47 RMS Current Energy 16895311 : 446200.59
0.47 RMS Current Energy 16896312 : 446226.50
0.47 RMS Current Energy 16897313 : 446252.40
0.44 RMS Current Energy 16898314 : 446276.84
0.47 RMS Current Energy 16899315 : 446302.75
0.47 RMS Current Energy 16900316 : 446328.65
0.47 RMS Current Energy 16901317 : 446354.56
0.44 RMS Current Energy 16902318 : 446379.00
0.47 RMS Current Energy 16903319 : 446404.90
0.50 RMS Current Energy 16904320 : 446432.25
0.47 RMS Current Energy 16905321 : 446458.15
0.47 RMS Current Energy 16906322 : 446484.06
0.47 RMS Current Energy 16907323 : 446509.96
0.47 RMS Current Energy 16908324 : 446535.87
0.47 RMS Current Energy 16909325 : 446561.78
0.47 RMS Current Energy 16910326 : 446587.68
0.47 RMS Current Energy 16911327 : 446613.59
0.44 RMS Current Energy 16912328 : 446638.03
0.47 RMS Current Energy 16913329 : 446663.93
0.47 RMS Current Energy 16914330 : 446689.84
0.50 RMS Current Energy 16915331 : 446717.18
0.47 RMS Current Energy 16916332 : 446743.09
0.44 RMS Current Energy 16917334 : 446767.56
0.44 RMS Current Energy 16918335 : 446792.00
0.44 RMS Current Energy 16919336 : 446816.43
0.47 RMS Current Energy 16920337 : 446842.34
0.44 RMS Current Energy 16921338 : 446866.78
0.50 RMS Current Energy 16922339 : 446894.12
0.44 RMS Current Energy 16923340 : 446918.56
0.47 RMS Current Energy 16924341 : 446944.46
0.47 RMS Current Energy 16925342 : 446970.37
0.44 RMS Current Energy 16926343 : 446994.81
0.44 RMS Current Energy 16927344 : 447019.25
0.47 RMS Current Energy 16928345 : 447045.15
0.47 RMS Current Energy 16929346 : 447071.06
0.50 RMS Current Energy 16930347 : 447098.40
0.50 RMS Current Energy 16931348 : 447125.75
0.50 RMS Current Energy 16932349 : 447153.09
0.50 RMS Current Energy 16933350 : 447180.43
0.47 RMS Current Energy 16934351 : 447206.34
0.47 RMS Current Energy 16935352 : 447232.25
0.47 RMS Current Energy 16936353 : 447258.15
0.47 RMS Current Energy 16937354 : 447284.06
0.47 RMS Current Energy 16938355 : 447309.96
0.47 RMS Current Energy 16939356 : 447335.87
0.47 RMS Current Energy 16940357 : 447361.78
0.47 RMS Current Energy 16941358 : 447387.68
0.47 RMS Current Energy 16942359 : 447413.59
0.47 RMS Current Energy 16943360 : 447439.50
0.44 RMS Current Energy 16944361 : 447463.93
0.44 RMS Current Energy 16945362 : 447488.37
0.47 RMS Current Energy 16946363 : 447514.28
0.47 RMS Current Energy 16947364 : 447540.18
0.47 RMS Current Energy 16948365 : 447566.09
0.47 RMS Current Energy 16949366 : 447592.00
0.47 RMS Current Energy 16950367 : 447617.90
0.47 RMS Current Energy 16951368 : 447643.81
0.47 RMS Current Energy 16952369 : 447669.71
0.50 RMS Current Energy 16953370 : 447697.06
0.47 RMS Current Energy 16954371 : 447722.96
0.44 RMS Current Energy 16955372 : 447747.40
0.47 RMS Current Energy 16956374 : 447773.31
0.47 RMS Current Energy 16957375 : 447799.21
0.44 RMS Current Energy 16958376 : 447823.65
0.44 RMS Current Energy 16959377 : 447848.09
0.44 RMS Current Energy 16960378 : 447872.53
0.52 RMS Current Energy 16961379 : 447901.31
0.44 RMS Current Energy 16962380 : 447925.75
0.44 RMS Current Energy 16963381 : 447950.18
0.52 RMS Current Energy 16964382 : 447978.96
0.50 RMS Current Energy 16965383 : 448006.31
0.47 RMS Current Energy 16966384 : 448032.21
0.47 RMS Current Energy 16967385 : 448058.12
0.50 RMS Current Energy 16968386 : 448085.46
0.47 RMS Current Energy 16969387 : 448111.37
0.47 RMS Current Energy 16970388 : 448137.28
0.47 RMS Current Energy 16971389 : 448163.18
0.47 RMS Current Energy 16972390 : 448189.09
0.47 RMS Current Energy 16973391 : 448215.00
0.47 RMS Current Energy 16974392 : 448240.90
0.44 RMS Current Energy 16975393 : 448265.34
0.47 RMS Current Energy 16976394 : 448291.25
0.47 RMS Current Energy 16977395 : 448317.15
0.47 RMS Current Energy 16978396 : 448343.06
0.47 RMS Current Energy 16979397 : 448368.96
0.47 RMS Current Energy 16980398 : 448394.87
0.47 RMS Current Energy 16981399 : 448420.78
0.44 RMS Current Energy 16982400 : 448445.21
0.47 RMS Current Energy 16983401 : 448471.12
0.47 RMS Current Energy 16984402 : 448497.03
0.44 RMS Current Energy 16985403 : 448521.46
0.44 RMS Current Energy 16986404 : 448545.90
0.44 RMS Current Energy 16987405 : 448570.34
0.52 RMS Current Energy 16988406 : 448599.12
0.47 RMS Current Energy 16989407 : 448625.03
0.47 RMS Current Energy 16990408 : 448650.93
0.52 RMS Current Energy 16991409 : 448679.71
0.47 RMS Current Energy 16992410 : 448705.62
0.47 RMS Current Energy 16993411 : 448731.53
0.44 RMS Current Energy 16994412 : 448755.96
0.44 RMS Current Energy 16995414 : 448780.43
0.44 RMS Current Energy 16996415 : 448804.87
0.44 RMS Current Energy 16997416 : 448829.31
0.44 RMS Current Energy 16998417 : 448853.75
0.44 RMS Current Energy 16999418 : 448878.18
0.47 RMS Current Energy 17000419 : 448904.09
0.47 RMS Current Energy 17001420 : 448930.00
0.47 RMS Current Energy 17002421 : 448955.90
0.50 RMS Current Energy 17003422 : 448983.25
0.47 RMS Current Energy 17004423 : 449009.15
0.47 RMS Current Energy 17005424 : 449035.06
0.47 RMS Current Energy 17006425 : 449060.96
0.44 RMS Current Energy 17007426 : 449085.40
0.47 RMS Current Energy 17008427 : 449111.31
0.44 RMS Current Energy 17009428 : 449135.75
0.44 RMS Current Energy 17010429 : 449160.18
0.47 RMS Current Energy 17011430 : 449186.09
0.47 RMS Current Energy 17012431 : 449212.00
0.44 RMS Current Energy 17013432 : 449236.43
0.44 RMS Current Energy 17014433 : 449260.87
0.47 RMS Current Energy 17015434 : 449286.78
0.47 RMS Current Energy 17016435 : 449312.68
0.47 RMS Current Energy 17017436 : 449338.59
0.47 RMS Current Energy 17018437 : 449364.50
0.47 RMS Current Energy 17019438 : 449390.40
0.47 RMS Current Energy 17020439 : 449416.31
0.47 RMS Current Energy 17021440 : 449442.21
0.47 RMS Current Energy 17022441 : 449468.12
0.44 RMS Current Energy 17023442 : 449492.56
0.44 RMS Current Energy 17024443 : 449517.00
0.47 RMS Current Energy 17025444 : 449542.90
0.47 RMS Current Energy 17026445 : 449568.81
0.44 RMS Current Energy 17027446 : 449593.25
0.44 RMS Current Energy 17028447 : 449617.68
0.44 RMS Current Energy 17029448 : 449642.12
0.44 RMS Current Energy 17030449 : 449666.56
0.44 RMS Current Energy 17031450 : 449691.00
0.44 RMS Current Energy 17032451 : 449715.43
0.44 RMS Current Energy 17033452 : 449739.87
0.47 RMS Current Energy 17034454 : 449765.78
0.50 RMS Current Energy 17035455 : 449793.12
0.50 RMS Current Energy 17036456 : 449820.46
0.47 RMS Current Energy 17037457 : 449846.37
0.44 RMS Current Energy 17038458 : 449870.81
0.44 RMS Current Energy 17039459 : 449895.25
0.44 RMS Current Energy 17040460 : 449919.68
0.47 RMS Current Energy 17041461 : 449945.59
0.47 RMS Current Energy 17042462 : 449971.50
0.47 RMS Current Energy 17043463 : 449997.40
0.44 RMS Current Energy 17044464 : 450021.84
0.47 RMS Current Energy 17045465 : 450047.75
0.44 RMS Current Energy 17046466 : 450072.18
0.47 RMS Current Energy 17047467 : 450098.09
0.47 RMS Current Energy 17048468 : 450124.00
0.44 RMS Current Energy 17049469 : 450148.43
0.47 RMS Current Energy 17050470 : 450174.34
0.47 RMS Current Energy 17051471 : 450200.25
0.47 RMS Current Energy 17052472 : 450226.15
0.47 RMS Current Energy 17053473 : 450252.06
0.47 RMS Current Energy 17054474 : 450277.96
0.44 RMS Current Energy 17055475 : 450302.40
0.47 RMS Current Energy 17056476 : 450328.31
0.44 RMS Current Energy 17057477 : 450352.75
0.44 RMS Current Energy 17058478 : 450377.18
0.47 RMS Current Energy 17059479 : 450403.09
0.44 RMS Current Energy 17060480 : 450427.53
0.47 RMS Current Energy 17061481 : 450453.43
0.44 RMS Current Energy 17062482 : 450477.87
0.47 RMS Current Energy 17063483 : 450503.78
0.50 RMS Current Energy 17064484 : 450531.12
0.47 RMS Current Energy 17065485 : 450557.03
0.47 RMS Current Energy 17066486 : 450582.93
0.44 RMS Current Energy 17067487 : 450607.37
0.47 RMS Current Energy 17068488 : 450633.28
0.47 RMS Current Energy 17069489 : 450659.18
0.47 RMS Current Energy 17070490 : 450685.09
0.44 RMS Current Energy 17071491 : 450709.53
0.47 RMS Current Energy 17072492 : 450735.43
0.50 RMS Current Energy 17073494 : 450762.78
0.47 RMS Current Energy 17074495 : 450788.68
0.47 RMS Current Energy 17075496 : 450814.59
0.50 RMS Current Energy 17076497 : 450841.93
0.44 RMS Current Energy 17077498 : 450866.37
0.47 RMS Current Energy 17078499 : 450892.28
0.44 RMS Current Energy 17079500 : 450916.71
0.44 RMS Current Energy 17080501 : 450941.15
0.50 RMS Current Energy 17081502 : 450968.50
0.47 RMS Current Energy 17082503 : 450994.40
0.47 RMS Current Energy 17083504 : 451020.31
0.47 RMS Current Energy 17084505 : 451046.21
0.44 RMS Current Energy 17085506 : 451070.65
0.44 RMS Current Energy 17086507 : 451095.09
0.47 RMS Current Energy 17087508 : 451121.00
0.44 RMS Current Energy 17088509 : 451145.43
0.47 RMS Current Energy 17089510 : 451171.34
0.47 RMS Current Energy 17090511 : 451197.25
0.44 RMS Current Energy 17091512 : 451221.68
0.47 RMS Current Energy 17092513 : 451247.59
0.47 RMS Current Energy 17093514 : 451273.50
0.50 RMS Current Energy 17094515 : 451300.84
0.50 RMS Current Energy 17095516 : 451328.18
0.47 RMS Current Energy 17096517 : 451354.09
0.47 RMS Current Energy 17097518 : 451380.00
0.47 RMS Current Energy 17098519 : 451405.90
0.50 RMS Current Energy 17099520 : 451433.25
0.50 RMS Current Energy 17100521 : 451460.59
0.50 RMS Current Energy 17101522 : 451487.93
0.50 RMS Current Energy 17102523 : 451515.28
0.47 RMS Current Energy 17103524 : 451541.18
0.47 RMS Current Energy 17104525 : 451567.09
0.47 RMS Current Energy 17105526 : 451593.00
0.47 RMS Current Energy 17106527 : 451618.90
0.47 RMS Current Energy 17107528 : 451644.81
0.47 RMS Current Energy 17108529 : 451670.71
0.50 RMS Current Energy 17109530 : 451698.06
0.50 RMS Current Energy 17110531 : 451725.40
0.52 RMS Current Energy 17111532 : 451754.18